android/app/build/intermediates/manifest_merge_blame_file/debug/manifest-merger-blame-debug-report.txt
1<?xml version="1.0" encoding="utf-8"?>
2<manifest xmlns:android="http://schemas.android.com/apk/res/android"
3    package="com.example.app2"
4    android:versionCode="1"
5    android:versionName="1.0.0" >
6
7    <uses-sdk
8        android:minSdkVersion="16"
9        android:targetSdkVersion="31" />
10    <!--
11         Flutter needs it to communicate with the running application
12         to allow setting breakpoints, to provide hot reload, etc.
13    -->
14    <uses-permission android:name="android.permission.INTERNET" />
14-->src\debug\AndroidManifest.xml:6:5-66
14-->src\debug\AndroidManifest.xml:6:22-64
15    <uses-permission android:name="android.permission.FOREGROUND_SERVICE" />
15-->[:assets_audio_player] AndroidManifest.xml:7:5-77
15-->[:assets_audio_player] AndroidManifest.xml:7:22-74
16    <uses-permission android:name="android.permission.VIBRATE" />
16-->[:assets_audio_player] AndroidManifest.xml:8:5-66
16-->[:assets_audio_player] AndroidManifest.xml:8:22-63
17    <uses-permission android:name="android.permission.WAKE_LOCK" />
17-->[:assets_audio_player] AndroidManifest.xml:9:5-68
17-->[:assets_audio_player] AndroidManifest.xml:9:22-65
18    <uses-permission android:name="android.permission.WRITE_EXTERNAL_STORAGE" />
19    <uses-permission android:name="android.permission.READ_PHONE_STATE" />
20    <uses-permission android:name="android.permission.READ_EXTERNAL_STORAGE" />
21    <uses-permission android:name="android.permission.ACCESS_NETWORK_STATE" />
21-->[com.google.android.exoplayer:exoplayer-core:2.17.1] AndroidManifest.xml:24:5-79
21-->[com.google.android.exoplayer:exoplayer-core:2.17.1] AndroidManifest.xml:24:22-76
22
23    <queries>
23-->[androidx.media2:media2-session:1.2.0] AndroidManifest.xml:24:5-34:15
24        <intent>
24-->[androidx.media2:media2-session:1.2.0] AndroidManifest.xml:25:9-27:18
25            <action android:name="android.media.browse.MediaBrowserService" />
25-->[androidx.media2:media2-session:1.2.0] AndroidManifest.xml:26:13-79
25-->[androidx.media2:media2-session:1.2.0] AndroidManifest.xml:26:21-76
26        </intent>
27        <intent>
27-->[androidx.media2:media2-session:1.2.0] AndroidManifest.xml:28:9-30:18
28            <action android:name="androidx.media2.session.MediaSessionService" />
28-->[androidx.media2:media2-session:1.2.0] AndroidManifest.xml:29:13-82
28-->[androidx.media2:media2-session:1.2.0] AndroidManifest.xml:29:21-79
29        </intent>
30        <intent>
30-->[androidx.media2:media2-session:1.2.0] AndroidManifest.xml:31:9-33:18
31            <action android:name="androidx.media2.session.MediaLibraryService" />
31-->[androidx.media2:media2-session:1.2.0] AndroidManifest.xml:32:13-82
31-->[androidx.media2:media2-session:1.2.0] AndroidManifest.xml:32:21-79
32        </intent>
33    </queries>
34
35    <application
36        android:name="android.app.Application"
37        android:appComponentFactory="androidx.core.app.CoreComponentFactory"
37-->[androidx.core:core:1.7.0] AndroidManifest.xml:24:18-86
38        android:debuggable="true"
39        android:icon="@mipmap/ic_launcher"
40        android:label="App1" >
41        <activity
42            android:name="com.example.flutter_application_1.MainActivity"
43            android:configChanges="orientation|keyboardHidden|keyboard|screenSize|smallestScreenSize|locale|layoutDirection|fontScale|screenLayout|density|uiMode"
44            android:exported="true"
45            android:hardwareAccelerated="true"
46            android:launchMode="singleTop"
47            android:theme="@style/LaunchTheme"
48            android:windowSoftInputMode="adjustResize" >
49
50            <!--
51                 Specifies an Android theme to apply to this Activity as soon as
52                 the Android process has started. This theme is visible to the user
53                 while the Flutter UI initializes. After that, this theme continues
54                 to determine the Window background behind the Flutter UI.
55            -->
56            <meta-data
57                android:name="io.flutter.embedding.android.NormalTheme"
58                android:resource="@style/NormalTheme" />
59
60            <intent-filter>
61                <action android:name="android.intent.action.MAIN" />
62
63                <category android:name="android.intent.category.LAUNCHER" />
64            </intent-filter>
65        </activity>
66        <!--
67             Don't delete the meta-data below.
68             This is used by the Flutter tool to generate GeneratedPluginRegistrant.java
69        -->
70        <meta-data
71            android:name="flutterEmbedding"
72            android:value="2" />
73
74        <receiver
74-->[:assets_audio_player] AndroidManifest.xml:12:9-14:39
75            android:name="com.github.florent37.assets_audio_player.notification.NotificationActionReceiver"
75-->[:assets_audio_player] AndroidManifest.xml:13:13-108
76            android:exported="true" />
76-->[:assets_audio_player] AndroidManifest.xml:14:13-36
77        <receiver
77-->[:assets_audio_player] AndroidManifest.xml:15:9-21:20
78            android:name="com.github.florent37.assets_audio_player.notification.CustomMediaButtonReceiver"
78-->[:assets_audio_player] AndroidManifest.xml:16:13-107
79            android:exported="true" >
79-->[:assets_audio_player] AndroidManifest.xml:17:13-36
80            <intent-filter>
80-->[:assets_audio_player] AndroidManifest.xml:18:13-20:29
81                <action android:name="android.intent.action.MEDIA_BUTTON" />
81-->[:assets_audio_player] AndroidManifest.xml:19:17-77
81-->[:assets_audio_player] AndroidManifest.xml:19:25-74
82            </intent-filter>
83        </receiver>
84
85        <service
85-->[:assets_audio_player] AndroidManifest.xml:23:9-33:19
86            android:name="com.github.florent37.assets_audio_player.notification.NotificationService"
86-->[:assets_audio_player] AndroidManifest.xml:24:13-101
87            android:enabled="true"
87-->[:assets_audio_player] AndroidManifest.xml:25:13-35
88            android:exported="true" >
88-->[:assets_audio_player] AndroidManifest.xml:26:13-36
89
90            <!--
91            <intent-filter>
92                <action android:name="android.intent.action.MEDIA_BUTTON" />
93            </intent-filter>
94            -->
95        </service>
96
97        <uses-library
97-->[androidx.window:window:1.0.0-beta04] AndroidManifest.xml:25:9-27:40
98            android:name="androidx.window.extensions"
98-->[androidx.window:window:1.0.0-beta04] AndroidManifest.xml:26:13-54
99            android:required="false" />
99-->[androidx.window:window:1.0.0-beta04] AndroidManifest.xml:27:13-37
100        <uses-library
100-->[androidx.window:window:1.0.0-beta04] AndroidManifest.xml:28:9-30:40
101            android:name="androidx.window.sidecar"
101-->[androidx.window:window:1.0.0-beta04] AndroidManifest.xml:29:13-51
102            android:required="false" />
102-->[androidx.window:window:1.0.0-beta04] AndroidManifest.xml:30:13-37
103    </application>
104
105</manifest>